[0606/164750:ERROR:process_reader_win.cc(232)] ReadMemory at 0x73390f40 of 92 bytes failed: Only part of a ReadProcessMemory or WriteProcessMemory request was completed. (0x12B)
[0606/164750:WARNING:pe_image_reader.cc(246)] could not read version info from C:\WINDOWS\SYSTEM32\WINMM.dll
[0606/164750:ERROR:process_reader_win.cc(232)] ReadMemory at 0x778c0000 of 64 bytes failed: Only part of a ReadProcessMemory or WriteProcessMemory request was completed. (0x12B)
[0606/164750:WARNING:pe_image_reader.cc(280)] could not read dos header from C:\WINDOWS\SYSTEM32\profapi.dll
[0606/164750:ERROR:process_reader_win.cc(232)] ReadMemory at 0x73810000 of 64 bytes failed: Only part of a ReadProcessMemory or WriteProcessMemory request was completed. (0x12B)
[0606/164750:WARNING:pe_image_reader.cc(280)] could not read dos header from C:\WINDOWS\SYSTEM32\USERENV.dll
[0606/164750:ERROR:process_reader_win.cc(232)] ReadMemory at 0x73b20000 of 64 bytes failed: Only part of a ReadProcessMemory or WriteProcessMemory request was completed. (0x12B)
[0606/164750:WARNING:pe_image_reader.cc(280)] could not read dos header from C:\WINDOWS\SYSTEM32\WTSAPI32.dll
[0606/164750:ERROR:process_reader_win.cc(232)] ReadMemory at 0x73a70000 of 64 bytes failed: Only part of a ReadProcessMemory or WriteProcessMemory request was completed. (0x12B)
[0606/164750:WARNING:pe_image_reader.cc(280)] could not read dos header from C:\WINDOWS\SYSTEM32\WINHTTP.dll
[0606/164750:ERROR:process_reader_win.cc(232)] ReadMemory at 0x71710000 of 64 bytes failed: Only part of a ReadProcessMemory or WriteProcessMemory request was completed. (0x12B)
[0606/164750:WARNING:pe_image_reader.cc(280)] could not read dos header from C:\WINDOWS\SYSTEM32\dbghelp.dll
[0606/164750:ERROR:process_reader_win.cc(232)] ReadMemory at 0x70d50000 of 64 bytes failed: Only part of a ReadProcessMemory or WriteProcessMemory request was completed. (0x12B)
[0606/164750:WARNING:pe_image_reader.cc(280)] could not read dos header from C:\WINDOWS\SYSTEM32\dbgcore.DLL
[0606/164750:ERROR:process_reader_win.cc(232)] ReadMemory at 0x771f0000 of 64 bytes failed: Only part of a ReadProcessMemory or WriteProcessMemory request was completed. (0x12B)
[0606/164750:WARNING:pe_image_reader.cc(280)] could not read dos header from C:\WINDOWS\SYSTEM32\combase.dll
[0606/164750:ERROR:process_reader_win.cc(232)] ReadMemory at 0x770c0000 of 64 bytes failed: Only part of a ReadProcessMemory or WriteProcessMemory request was completed. (0x12B)
[0606/164750:WARNING:pe_image_reader.cc(280)] could not read dos header from C:\WINDOWS\SYSTEM32\shlwapi.dll
[0606/164750:ERROR:process_reader_win.cc(232)] ReadMemory at 0x771b0000 of 64 bytes failed: Only part of a ReadProcessMemory or WriteProcessMemory request was completed. (0x12B)
[0606/164750:WARNING:pe_image_reader.cc(280)] could not read dos header from C:\WINDOWS\SYSTEM32\kernel.appcore.dll
[0606/164750:ERROR:process_reader_win.cc(232)] ReadMemory at 0x760c0000 of 64 bytes failed: Only part of a ReadProcessMemory or WriteProcessMemory request was completed. (0x12B)
[0606/164750:WARNING:pe_image_reader.cc(280)] could not read dos header from C:\WINDOWS\SYSTEM32\shcore.dll
[0606/164750:ERROR:process_reader_win.cc(232)] ReadMemory at 0x76610000 of 64 bytes failed: Only part of a ReadProcessMemory or WriteProcessMemory request was completed. (0x12B)
[0606/164750:WARNING:pe_image_reader.cc(280)] could not read dos header from C:\WINDOWS\SYSTEM32\powrprof.dll
[0606/164750:ERROR:process_reader_win.cc(232)] ReadMemory at 0x76740000 of 64 bytes failed: Only part of a ReadProcessMemory or WriteProcessMemory request was completed. (0x12B)
[0606/164750:WARNING:pe_image_reader.cc(280)] could not read dos header from C:\WINDOWS\SYSTEM32\windows.storage.dll
[0606/164750:ERROR:process_reader_win.cc(232)] ReadMemory at 0x74b50000 of 64 bytes failed: Only part of a ReadProcessMemory or WriteProcessMemory request was completed. (0x12B)
[0606/164750:WARNING:pe_image_reader.cc(280)] could not read dos header from C:\WINDOWS\SYSTEM32\SHELL32.dll
[0606/164750:ERROR:process_reader_win.cc(232)] ReadMemory at 0x777f0000 of 64 bytes failed: Only part of a ReadProcessMemory or WriteProcessMemory request was completed. (0x12B)
[0606/164750:WARNING:pe_image_reader.cc(280)] could not read dos header from C:\WINDOWS\SYSTEM32\PSAPI.DLL
[0606/164750:ERROR:process_reader_win.cc(232)] ReadMemory at 0x725c0000 of 64 bytes failed: Only part of a ReadProcessMemory or WriteProcessMemory request was completed. (0x12B)
[0606/164750:WARNING:pe_image_reader.cc(280)] could not read dos header from C:\WINDOWS\SYSTEM32\bcrypt.dll
[0606/164750:ERROR:process_reader_win.cc(232)] ReadMemory at 0x71c70000 of 64 bytes failed: Only part of a ReadProcessMemory or WriteProcessMemory request was completed. (0x12B)
[0606/164750:WARNING:pe_image_reader.cc(280)] could not read dos header from C:\WINDOWS\SYSTEM32\WINSPOOL.DRV
[0606/164750:ERROR:process_reader_win.cc(232)] ReadMemory at 0x71de0000 of 64 bytes failed: Only part of a ReadProcessMemory or WriteProcessMemory request was completed. (0x12B)
[0606/164750:WARNING:pe_image_reader.cc(280)] could not read dos header from C:\WINDOWS\WinSxS\x86_microsoft.windows.common-controls_6595b64144ccf1df_6.0.10586.0_none_d3c2e4e965da4528\COMCTL32.dll
[0606/164750:ERROR:process_reader_win.cc(232)] ReadMemory at 0x77800000 of 64 bytes failed: Only part of a ReadProcessMemory or WriteProcessMemory request was completed. (0x12B)
[0606/164750:WARNING:pe_image_reader.cc(280)] could not read dos header from C:\WINDOWS\SYSTEM32\FirewallAPI.dll
[0606/164750:ERROR:process_reader_win.cc(232)] ReadMemory at 0x743e0000 of 64 bytes failed: Only part of a ReadProcessMemory or WriteProcessMemory request was completed. (0x12B)
[0606/164750:WARNING:pe_image_reader.cc(280)] could not read dos header from C:\WINDOWS\SYSTEM32\fwbase.dll
[0606/164750:ERROR:process_reader_win.cc(232)] ReadMemory at 0x77190000 of 64 bytes failed: Only part of a ReadProcessMemory or WriteProcessMemory request was completed. (0x12B)
[0606/164750:WARNING:pe_image_reader.cc(280)] could not read dos header from C:\WINDOWS\SYSTEM32\NETAPI32.dll
[0606/164750:ERROR:process_reader_win.cc(232)] ReadMemory at 0x74410000 of 64 bytes failed: Only part of a ReadProcessMemory or WriteProcessMemory request was completed. (0x12B)
[0606/164750:WARNING:pe_image_reader.cc(280)] could not read dos header from C:\WINDOWS\SYSTEM32\DAVHLPR.DLL
[0606/164750:ERROR:process_reader_win.cc(232)] ReadMemory at 0x776f0000 of 64 bytes failed: Only part of a ReadProcessMemory or WriteProcessMemory request was completed. (0x12B)
[0606/164750:WARNING:pe_image_reader.cc(280)] could not read dos header from C:\WINDOWS\SYSTEM32\COMDLG32.dll
[0606/164750:ERROR:process_reader_win.cc(232)] ReadMemory at 0x76340000 of 64 bytes failed: Only part of a ReadProcessMemory or WriteProcessMemory request was completed. (0x12B)
[0606/164750:WARNING:pe_image_reader.cc(280)] could not read dos header from C:\WINDOWS\SYSTEM32\ole32.dll
[0606/164750:ERROR:process_reader_win.cc(232)] ReadMemory at 0x74ab0000 of 64 bytes failed: Only part of a ReadProcessMemory or WriteProcessMemory request was completed. (0x12B)
[0606/164750:WARNING:pe_image_reader.cc(280)] could not read dos header from C:\WINDOWS\SYSTEM32\OLEAUT32.dll
[0606/164750:ERROR:process_reader_win.cc(232)] ReadMemory at 0x739f0000 of 64 bytes failed: Only part of a ReadProcessMemory or WriteProcessMemory request was completed. (0x12B)
[0606/164750:WARNING:pe_image_reader.cc(280)] could not read dos header from C:\WINDOWS\SYSTEM32\IPHLPAPI.DLL
[0606/164750:ERROR:process_reader_win.cc(232)] ReadMemory at 0x773c0000 of 64 bytes failed: Only part of a ReadProcessMemory or WriteProcessMemory request was completed. (0x12B)
[0606/164750:WARNING:pe_image_reader.cc(280)] could not read dos header from C:\WINDOWS\SYSTEM32\WS2_32.dll
[0606/164750:ERROR:process_reader_win.cc(232)] ReadMemory at 0x74390000 of 64 bytes failed: Only part of a ReadProcessMemory or WriteProcessMemory request was completed. (0x12B)
[0606/164750:WARNING:pe_image_reader.cc(280)] could not read dos header from C:\WINDOWS\SYSTEM32\USP10.dll
[0606/164750:ERROR:process_reader_win.cc(232)] ReadMemory at 0x773b0000 of 64 bytes failed: Only part of a ReadProcessMemory or WriteProcessMemory request was completed. (0x12B)
[0606/164750:WARNING:pe_image_reader.cc(280)] could not read dos header from C:\WINDOWS\SYSTEM32\MSASN1.dll
[0606/164750:ERROR:process_reader_win.cc(232)] ReadMemory at 0x76430000 of 64 bytes failed: Only part of a ReadProcessMemory or WriteProcessMemory request was completed. (0x12B)
[0606/164750:WARNING:pe_image_reader.cc(280)] could not read dos header from C:\WINDOWS\SYSTEM32\CRYPT32.dll
[0606/164750:ERROR:process_reader_win.cc(232)] ReadMemory at 0x77420000 of 64 bytes failed: Only part of a ReadProcessMemory or WriteProcessMemory request was completed. (0x12B)
[0606/164750:WARNING:pe_image_reader.cc(280)] could not read dos header from C:\WINDOWS\SYSTEM32\WINTRUST.dll
[0606/164750:ERROR:process_reader_win.cc(232)] ReadMemory at 0x73330000 of 64 bytes failed: Only part of a ReadProcessMemory or WriteProcessMemory request was completed. (0x12B)
[0606/164750:WARNING:pe_image_reader.cc(280)] could not read dos header from C:\WINDOWS\SYSTEM32\Secur32.dll
[0606/164750:ERROR:process_reader_win.cc(232)] ReadMemory at 0x61bf0000 of 64 bytes failed: Only part of a ReadProcessMemory or WriteProcessMemory request was completed. (0x12B)
[0606/164750:WARNING:pe_image_reader.cc(280)] could not read dos header from C:\Program Files (x86)\Google\Chrome\Application\50.0.2661.102\chrome_child.dll
[0606/164750:ERROR:process_reader_win.cc(232)] ReadMemory at 0x677b0000 of 64 bytes failed: Only part of a ReadProcessMemory or WriteProcessMemory request was completed. (0x12B)
[0606/164750:WARNING:pe_image_reader.cc(280)] could not read dos header from C:\WINDOWS\SYSTEM32\dwrite.dll
[0606/164750:ERROR:process_reader_win.cc(232)] ReadMemory at 0x100000 of 64 bytes failed: Only part of a ReadProcessMemory or WriteProcessMemory request was completed. (0x12B)
[0606/164750:WARNING:pe_image_reader.cc(280)] could not read dos header from C:\Program Files (x86)\Google\Chrome\Application\chrome.exe
[0606/164750:ERROR:process_reader_win.cc(232)] ReadMemory at 0x77950000 of 64 bytes failed: Only part of a ReadProcessMemory or WriteProcessMemory request was completed. (0x12B)
[0606/164750:WARNING:pe_image_reader.cc(280)] could not read dos header from C:\WINDOWS\SYSTEM32\ntdll.dll
[0606/164750:ERROR:process_reader_win.cc(232)] ReadMemory at 0x77530000 of 64 bytes failed: Only part of a ReadProcessMemory or WriteProcessMemory request was completed. (0x12B)
[0606/164750:WARNING:pe_image_reader.cc(280)] could not read dos header from C:\WINDOWS\SYSTEM32\KERNELBASE.dll
[0606/164750:ERROR:process_reader_win.cc(232)] ReadMemory at 0x76660000 of 64 bytes failed: Only part of a ReadProcessMemory or WriteProcessMemory request was completed. (0x12B)
[0606/164750:WARNING:pe_image_reader.cc(280)] could not read dos header from C:\WINDOWS\SYSTEM32\KERNEL32.DLL
[0606/164750:ERROR:process_reader_win.cc(232)] ReadMemory at 0x733a0000 of 64 bytes failed: Only part of a ReadProcessMemory or WriteProcessMemory request was completed. (0x12B)
[0606/164750:WARNING:pe_image_reader.cc(280)] could not read dos header from C:\WINDOWS\system32\apphelp.dll
[0606/164750:ERROR:process_reader_win.cc(232)] ReadMemory at 0x76e30000 of 64 bytes failed: Only part of a ReadProcessMemory or WriteProcessMemory request was completed. (0x12B)
[0606/164750:WARNING:pe_image_reader.cc(280)] could not read dos header from C:\WINDOWS\SYSTEM32\msvcrt.dll
[0606/164750:ERROR:process_reader_win.cc(232)] ReadMemory at 0x77860000 of 64 bytes failed: Only part of a ReadProcessMemory or WriteProcessMemory request was completed. (0x12B)
[0606/164750:WARNING:pe_image_reader.cc(280)] could not read dos header from C:\WINDOWS\SYSTEM32\bcryptPrimitives.dll
[0606/164750:ERROR:process_reader_win.cc(232)] ReadMemory at 0x74670000 of 64 bytes failed: Only part of a ReadProcessMemory or WriteProcessMemory request was completed. (0x12B)
[0606/164750:WARNING:pe_image_reader.cc(280)] could not read dos header from C:\WINDOWS\SYSTEM32\CRYPTBASE.dll
[0606/164750:ERROR:process_reader_win.cc(232)] ReadMemory at 0x74680000 of 64 bytes failed: Only part of a ReadProcessMemory or WriteProcessMemory request was completed. (0x12B)
[0606/164750:WARNING:pe_image_reader.cc(280)] could not read dos header from C:\WINDOWS\SYSTEM32\SspiCli.dll
[0606/164750:ERROR:process_reader_win.cc(232)] ReadMemory at 0x76ef0000 of 64 bytes failed: Only part of a ReadProcessMemory or WriteProcessMemory request was completed. (0x12B)
[0606/164750:WARNING:pe_image_reader.cc(280)] could not read dos header from C:\WINDOWS\SYSTEM32\RPCRT4.dll
[0606/164750:ERROR:process_reader_win.cc(232)] ReadMemory at 0x77470000 of 64 bytes failed: Only part of a ReadProcessMemory or WriteProcessMemory request was completed. (0x12B)
[0606/164750:WARNING:pe_image_reader.cc(280)] could not read dos header from C:\WINDOWS\SYSTEM32\sechost.dll
[0606/164750:ERROR:process_reader_win.cc(232)] ReadMemory at 0x77110000 of 64 bytes failed: Only part of a ReadProcessMemory or WriteProcessMemory request was completed. (0x12B)
[0606/164750:WARNING:pe_image_reader.cc(280)] could not read dos header from C:\WINDOWS\SYSTEM32\ADVAPI32.dll
[0606/164750:ERROR:process_reader_win.cc(232)] ReadMemory at 0x743b0000 of 64 bytes failed: Only part of a ReadProcessMemory or WriteProcessMemory request was completed. (0x12B)
[0606/164750:WARNING:pe_image_reader.cc(280)] could not read dos header from C:\Program Files (x86)\Google\Chrome\Application\50.0.2661.102\chrome_elf.dll
[0606/164750:ERROR:process_reader_win.cc(232)] ReadMemory at 0x73b10000 of 64 bytes failed: Only part of a ReadProcessMemory or WriteProcessMemory request was completed. (0x12B)
[0606/164750:WARNING:pe_image_reader.cc(280)] could not read dos header from C:\WINDOWS\SYSTEM32\VERSION.dll
[0606/164750:ERROR:process_reader_win.cc(232)] ReadMemory at 0x776b0000 of 64 bytes failed: Only part of a ReadProcessMemory or WriteProcessMemory request was completed. (0x12B)
[0606/164750:WARNING:pe_image_reader.cc(280)] could not read dos header from C:\WINDOWS\SYSTEM32\cfgmgr32.dll
[0606/164750:ERROR:process_reader_win.cc(232)] ReadMemory at 0x732e0000 of 64 bytes failed: Only part of a ReadProcessMemory or WriteProcessMemory request was completed. (0x12B)
[0606/164750:WARNING:pe_image_reader.cc(280)] could not read dos header from C:\WINDOWS\SYSTEM32\WINMMBASE.dll
[0606/164750:ERROR:process_reader_win.cc(232)] ReadMemory at 0x76c40000 of 64 bytes failed: Only part of a ReadProcessMemory or WriteProcessMemory request was completed. (0x12B)
[0606/164750:WARNING:pe_image_reader.cc(280)] could not read dos header from C:\WINDOWS\SYSTEM32\GDI32.dll
[0606/164750:ERROR:process_reader_win.cc(232)] ReadMemory at 0x76150000 of 64 bytes failed: Only part of a ReadProcessMemory or WriteProcessMemory request was completed. (0x12B)
[0606/164750:WARNING:pe_image_reader.cc(280)] could not read dos header from C:\WINDOWS\SYSTEM32\USER32.dll
[0606/164750:ERROR:process_reader_win.cc(232)] ReadMemory at 0x771c0000 of 64 bytes failed: Only part of a ReadProcessMemory or WriteProcessMemory request was completed. (0x12B)
[0606/164750:WARNING:pe_image_reader.cc(280)] could not read dos header from C:\WINDOWS\SYSTEM32\IMM32.DLL
[0606/164750:ERROR:process_reader_win.cc(232)] ReadMemory at 0x73370000 of 64 bytes failed: Only part of a ReadProcessMemory or WriteProcessMemory request was completed. (0x12B)
[0606/164750:WARNING:pe_image_reader.cc(280)] could not read dos header from C:\WINDOWS\SYSTEM32\WINMM.dll
[0606/164750:ERROR:process_reader_win.cc(232)] ReadMemory at 0x778c0000 of 64 bytes failed: Only part of a ReadProcessMemory or WriteProcessMemory request was completed. (0x12B)
[0606/164750:WARNING:pe_image_reader.cc(280)] could not read dos header from C:\WINDOWS\SYSTEM32\profapi.dll
[0606/164750:ERROR:process_reader_win.cc(232)] ReadMemory at 0x73810000 of 64 bytes failed: Only part of a ReadProcessMemory or WriteProcessMemory request was completed. (0x12B)
[0606/164750:WARNING:pe_image_reader.cc(280)] could not read dos header from C:\WINDOWS\SYSTEM32\USERENV.dll
[0606/164750:ERROR:process_reader_win.cc(232)] ReadMemory at 0x73b20000 of 64 bytes failed: Only part of a ReadProcessMemory or WriteProcessMemory request was completed. (0x12B)
[0606/164750:WARNING:pe_image_reader.cc(280)] could not read dos header from C:\WINDOWS\SYSTEM32\WTSAPI32.dll
[0606/164750:ERROR:process_reader_win.cc(232)] ReadMemory at 0x73a70000 of 64 bytes failed: Only part of a ReadProcessMemory or WriteProcessMemory request was completed. (0x12B)
[0606/164750:WARNING:pe_image_reader.cc(280)] could not read dos header from C:\WINDOWS\SYSTEM32\WINHTTP.dll
[0606/164750:ERROR:process_reader_win.cc(232)] ReadMemory at 0x71710000 of 64 bytes failed: Only part of a ReadProcessMemory or WriteProcessMemory request was completed. (0x12B)
[0606/164750:WARNING:pe_image_reader.cc(280)] could not read dos header from C:\WINDOWS\SYSTEM32\dbghelp.dll
[0606/164750:ERROR:process_reader_win.cc(232)] ReadMemory at 0x70d50000 of 64 bytes failed: Only part of a ReadProcessMemory or WriteProcessMemory request was completed. (0x12B)
[0606/164750:WARNING:pe_image_reader.cc(280)] could not read dos header from C:\WINDOWS\SYSTEM32\dbgcore.DLL
[0606/164750:ERROR:process_reader_win.cc(232)] ReadMemory at 0x771f0000 of 64 bytes failed: Only part of a ReadProcessMemory or WriteProcessMemory request was completed. (0x12B)
[0606/164750:WARNING:pe_image_reader.cc(280)] could not read dos header from C:\WINDOWS\SYSTEM32\combase.dll
[0606/164750:ERROR:process_reader_win.cc(232)] ReadMemory at 0x770c0000 of 64 bytes failed: Only part of a ReadProcessMemory or WriteProcessMemory request was completed. (0x12B)
[0606/164750:WARNING:pe_image_reader.cc(280)] could not read dos header from C:\WINDOWS\SYSTEM32\shlwapi.dll
[0606/164750:ERROR:process_reader_win.cc(232)] ReadMemory at 0x771b0000 of 64 bytes failed: Only part of a ReadProcessMemory or WriteProcessMemory request was completed. (0x12B)
[0606/164750:WARNING:pe_image_reader.cc(280)] could not read dos header from C:\WINDOWS\SYSTEM32\kernel.appcore.dll
[0606/164750:ERROR:process_reader_win.cc(232)] ReadMemory at 0x760c0000 of 64 bytes failed: Only part of a ReadProcessMemory or WriteProcessMemory request was completed. (0x12B)
[0606/164750:WARNING:pe_image_reader.cc(280)] could not read dos header from C:\WINDOWS\SYSTEM32\shcore.dll
[0606/164750:ERROR:process_reader_win.cc(232)] ReadMemory at 0x76610000 of 64 bytes failed: Only part of a ReadProcessMemory or WriteProcessMemory request was completed. (0x12B)
[0606/164750:WARNING:pe_image_reader.cc(280)] could not read dos header from C:\WINDOWS\SYSTEM32\powrprof.dll
[0606/164750:ERROR:process_reader_win.cc(232)] ReadMemory at 0x76740000 of 64 bytes failed: Only part of a ReadProcessMemory or WriteProcessMemory request was completed. (0x12B)
[0606/164750:WARNING:pe_image_reader.cc(280)] could not read dos header from C:\WINDOWS\SYSTEM32\windows.storage.dll
[0606/164750:ERROR:process_reader_win.cc(232)] ReadMemory at 0x74b50000 of 64 bytes failed: Only part of a ReadProcessMemory or WriteProcessMemory request was completed. (0x12B)
[0606/164750:WARNING:pe_image_reader.cc(280)] could not read dos header from C:\WINDOWS\SYSTEM32\SHELL32.dll
[0606/164750:ERROR:process_reader_win.cc(232)] ReadMemory at 0x777f0000 of 64 bytes failed: Only part of a ReadProcessMemory or WriteProcessMemory request was completed. (0x12B)
[0606/164750:WARNING:pe_image_reader.cc(280)] could not read dos header from C:\WINDOWS\SYSTEM32\PSAPI.DLL
[0606/164750:ERROR:process_reader_win.cc(232)] ReadMemory at 0x725c0000 of 64 bytes failed: Only part of a ReadProcessMemory or WriteProcessMemory request was completed. (0x12B)
[0606/164750:WARNING:pe_image_reader.cc(280)] could not read dos header from C:\WINDOWS\SYSTEM32\bcrypt.dll
[0606/164750:ERROR:process_reader_win.cc(232)] ReadMemory at 0x71c70000 of 64 bytes failed: Only part of a ReadProcessMemory or WriteProcessMemory request was completed. (0x12B)
[0606/164750:WARNING:pe_image_reader.cc(280)] could not read dos header from C:\WINDOWS\SYSTEM32\WINSPOOL.DRV
[0606/164750:ERROR:process_reader_win.cc(232)] ReadMemory at 0x71de0000 of 64 bytes failed: Only part of a ReadProcessMemory or WriteProcessMemory request was completed. (0x12B)
[0606/164750:WARNING:pe_image_reader.cc(280)] could not read dos header from C:\WINDOWS\WinSxS\x86_microsoft.windows.common-controls_6595b64144ccf1df_6.0.10586.0_none_d3c2e4e965da4528\COMCTL32.dll
[0606/164750:ERROR:process_reader_win.cc(232)] ReadMemory at 0x77800000 of 64 bytes failed: Only part of a ReadProcessMemory or WriteProcessMemory request was completed. (0x12B)
[0606/164750:WARNING:pe_image_reader.cc(280)] could not read dos header from C:\WINDOWS\SYSTEM32\FirewallAPI.dll
[0606/164750:ERROR:process_reader_win.cc(232)] ReadMemory at 0x743e0000 of 64 bytes failed: Only part of a ReadProcessMemory or WriteProcessMemory request was completed. (0x12B)
[0606/164750:WARNING:pe_image_reader.cc(280)] could not read dos header from C:\WINDOWS\SYSTEM32\fwbase.dll
[0606/164750:ERROR:process_reader_win.cc(232)] ReadMemory at 0x77190000 of 64 bytes failed: Only part of a ReadProcessMemory or WriteProcessMemory request was completed. (0x12B)
[0606/164750:WARNING:pe_image_reader.cc(280)] could not read dos header from C:\WINDOWS\SYSTEM32\NETAPI32.dll
[0606/164750:ERROR:process_reader_win.cc(232)] ReadMemory at 0x74410000 of 64 bytes failed: Only part of a ReadProcessMemory or WriteProcessMemory request was completed. (0x12B)
[0606/164750:WARNING:pe_image_reader.cc(280)] could not read dos header from C:\WINDOWS\SYSTEM32\DAVHLPR.DLL
[0606/164750:ERROR:process_reader_win.cc(232)] ReadMemory at 0x776f0000 of 64 bytes failed: Only part of a ReadProcessMemory or WriteProcessMemory request was completed. (0x12B)
[0606/164750:WARNING:pe_image_reader.cc(280)] could not read dos header from C:\WINDOWS\SYSTEM32\COMDLG32.dll
[0606/164750:ERROR:process_reader_win.cc(232)] ReadMemory at 0x76340000 of 64 bytes failed: Only part of a ReadProcessMemory or WriteProcessMemory request was completed. (0x12B)
[0606/164750:WARNING:pe_image_reader.cc(280)] could not read dos header from C:\WINDOWS\SYSTEM32\ole32.dll
[0606/164750:ERROR:process_reader_win.cc(232)] ReadMemory at 0x74ab0000 of 64 bytes failed: Only part of a ReadProcessMemory or WriteProcessMemory request was completed. (0x12B)
[0606/164750:WARNING:pe_image_reader.cc(280)] could not read dos header from C:\WINDOWS\SYSTEM32\OLEAUT32.dll
[0606/164750:ERROR:process_reader_win.cc(232)] ReadMemory at 0x739f0000 of 64 bytes failed: Only part of a ReadProcessMemory or WriteProcessMemory request was completed. (0x12B)
[0606/164750:WARNING:pe_image_reader.cc(280)] could not read dos header from C:\WINDOWS\SYSTEM32\IPHLPAPI.DLL
[0606/164750:ERROR:process_reader_win.cc(232)] ReadMemory at 0x773c0000 of 64 bytes failed: Only part of a ReadProcessMemory or WriteProcessMemory request was completed. (0x12B)
[0606/164750:WARNING:pe_image_reader.cc(280)] could not read dos header from C:\WINDOWS\SYSTEM32\WS2_32.dll
[0606/164750:ERROR:process_reader_win.cc(232)] ReadMemory at 0x74390000 of 64 bytes failed: Only part of a ReadProcessMemory or WriteProcessMemory request was completed. (0x12B)
[0606/164750:WARNING:pe_image_reader.cc(280)] could not read dos header from C:\WINDOWS\SYSTEM32\USP10.dll
[0606/164750:ERROR:process_reader_win.cc(232)] ReadMemory at 0x773b0000 of 64 bytes failed: Only part of a ReadProcessMemory or WriteProcessMemory request was completed. (0x12B)
[0606/164750:WARNING:pe_image_reader.cc(280)] could not read dos header from C:\WINDOWS\SYSTEM32\MSASN1.dll
[0606/164750:ERROR:process_reader_win.cc(232)] ReadMemory at 0x76430000 of 64 bytes failed: Only part of a ReadProcessMemory or WriteProcessMemory request was completed. (0x12B)
[0606/164750:WARNING:pe_image_reader.cc(280)] could not read dos header from C:\WINDOWS\SYSTEM32\CRYPT32.dll
[0606/164750:ERROR:process_reader_win.cc(232)] ReadMemory at 0x77420000 of 64 bytes failed: Only part of a ReadProcessMemory or WriteProcessMemory request was completed. (0x12B)
[0606/164750:WARNING:pe_image_reader.cc(280)] could not read dos header from C:\WINDOWS\SYSTEM32\WINTRUST.dll
[0606/164750:ERROR:process_reader_win.cc(232)] ReadMemory at 0x73330000 of 64 bytes failed: Only part of a ReadProcessMemory or WriteProcessMemory request was completed. (0x12B)
[0606/164750:WARNING:pe_image_reader.cc(280)] could not read dos header from C:\WINDOWS\SYSTEM32\Secur32.dll
[0606/164750:ERROR:process_reader_win.cc(232)] ReadMemory at 0x61bf0000 of 64 bytes failed: Only part of a ReadProcessMemory or WriteProcessMemory request was completed. (0x12B)
[0606/164750:WARNING:pe_image_reader.cc(280)] could not read dos header from C:\Program Files (x86)\Google\Chrome\Application\50.0.2661.102\chrome_child.dll
[0606/164750:ERROR:process_reader_win.cc(232)] ReadMemory at 0x677b0000 of 64 bytes failed: Only part of a ReadProcessMemory or WriteProcessMemory request was completed. (0x12B)
[0606/164750:WARNING:pe_image_reader.cc(280)] could not read dos header from C:\WINDOWS\SYSTEM32\dwrite.dll
[0606/164750:ERROR:process_reader_win.cc(232)] ReadMemory at 0x4f6000 of 40960 bytes failed: Only part of a ReadProcessMemory or WriteProcessMemory request was completed. (0x12B)
[0606/164750:ERROR:crash_report_exception_handler.cc(102)] WriteEverything failed
[0606/164750:ERROR:scoped_process_suspend.cc(38)] NtResumeProcess, ntstatus=-1073741558
